This is pdfTeX, Version 3.1415926-2.5-1.40.14 (MiKTeX 2.9 64-bit) (preloaded format=latex 2015.7.18)  24 NOV 2015 15:19
entering extended mode
**LensingPaper_draft_v3.01.tex
(D:\PhD\Paper\LensingPaper\LensingPaper_draft_v3.01.tex
LaTeX2e <2011/06/27>
Babel <v3.8m> and hyphenation patterns for english, afrikaans, ancientgreek, ar
abic, armenian, assamese, basque, bengali, bokmal, bulgarian, catalan, coptic, 
croatian, czech, danish, dutch, esperanto, estonian, farsi, finnish, french, ga
lician, german, german-x-2013-05-26, greek, gujarati, hindi, hungarian, iceland
ic, indonesian, interlingua, irish, italian, kannada, kurmanji, latin, latvian,
 lithuanian, malayalam, marathi, mongolian, mongolianlmc, monogreek, ngerman, n
german-x-2013-05-26, nynorsk, oriya, panjabi, pinyin, polish, portuguese, roman
ian, russian, sanskrit, serbian, slovak, slovenian, spanish, swedish, swissgerm
an, tamil, telugu, turkish, turkmen, ukenglish, ukrainian, uppersorbian, usengl
ishmax, welsh, loaded.
(D:\PhD\Paper\LensingPaper\mnras.cls
Document Class: mnras 2015/05/22\ v3.0\ LaTeX2e MNRAS document class
MNRAS document style v3.0, released 2015/05/22
("C:\Program Files\MiKTex\tex\latex\geometry\geometry.sty"
Package: geometry 2010/09/12 v5.6 Page Geometry

("C:\Program Files\MiKTex\tex\latex\graphics\keyval.sty"
Package: keyval 1999/03/16 v1.13 key=value parser (DPC)
\KV@toks@=\toks14
)
("C:\Program Files\MiKTex\tex\generic\oberdiek\ifpdf.sty"
Package: ifpdf 2011/01/30 v2.3 Provides the ifpdf switch (HO)
Package ifpdf Info: pdfTeX in PDF mode is not detected.
)
("C:\Program Files\MiKTex\tex\generic\oberdiek\ifvtex.sty"
Package: ifvtex 2010/03/01 v1.5 Detect VTeX and its facilities (HO)
Package ifvtex Info: VTeX not detected.
)
("C:\Program Files\MiKTex\tex\generic\ifxetex\ifxetex.sty"
Package: ifxetex 2010/09/12 v0.6 Provides ifxetex conditional
)
\Gm@cnth=\count79
\Gm@cntv=\count80
\c@Gm@tempcnt=\count81
\Gm@bindingoffset=\dimen102
\Gm@wd@mp=\dimen103
\Gm@odd@mp=\dimen104
\Gm@even@mp=\dimen105
\Gm@layoutwidth=\dimen106
\Gm@layoutheight=\dimen107
\Gm@layouthoffset=\dimen108
\Gm@layoutvoffset=\dimen109
\Gm@dimlist=\toks15

("C:\Program Files\MiKTex\tex\latex\geometry\geometry.cfg"))
("C:\Program Files\MiKTex\tex\latex\base\fixltx2e.sty"
Package: fixltx2e 2006/09/13 v1.1m fixes to LaTeX
LaTeX Info: Redefining \em on input line 420.
)
("C:\Program Files\MiKTex\tex\latex\hyperref\hyperref.sty"
Package: hyperref 2012/11/06 v6.83m Hypertext links for LaTeX

("C:\Program Files\MiKTex\tex\generic\oberdiek\hobsub-hyperref.sty"
Package: hobsub-hyperref 2012/04/25 v1.12 Bundle oberdiek, subset hyperref (HO)


("C:\Program Files\MiKTex\tex\generic\oberdiek\hobsub-generic.sty"
Package: hobsub-generic 2012/04/25 v1.12 Bundle oberdiek, subset generic (HO)
Package: hobsub 2012/04/25 v1.12 Construct package bundles (HO)
Package: infwarerr 2010/04/08 v1.3 Providing info/warning/error messages (HO)
Package: ltxcmds 2011/11/09 v1.22 LaTeX kernel commands for general use (HO)
Package: ifluatex 2010/03/01 v1.3 Provides the ifluatex switch (HO)
Package ifluatex Info: LuaTeX not detected.
Package hobsub Info: Skipping package `ifvtex' (already loaded).
Package: intcalc 2007/09/27 v1.1 Expandable calculations with integers (HO)
Package hobsub Info: Skipping package `ifpdf' (already loaded).
Package: etexcmds 2011/02/16 v1.5 Avoid name clashes with e-TeX commands (HO)
Package etexcmds Info: Could not find \expanded.
(etexcmds)             That can mean that you are not using pdfTeX 1.50 or
(etexcmds)             that some package has redefined \expanded.
(etexcmds)             In the latter case, load this package earlier.
Package: kvsetkeys 2012/04/25 v1.16 Key value parser (HO)
Package: kvdefinekeys 2011/04/07 v1.3 Define keys (HO)
Package: pdftexcmds 2011/11/29 v0.20 Utility functions of pdfTeX for LuaTeX (HO
)
Package pdftexcmds Info: LuaTeX not detected.
Package pdftexcmds Info: \pdf@primitive is available.
Package pdftexcmds Info: \pdf@ifprimitive is available.
Package pdftexcmds Info: \pdfdraftmode is ignored in DVI mode.
Package: pdfescape 2011/11/25 v1.13 Implements pdfTeX's escape features (HO)
Package: bigintcalc 2012/04/08 v1.3 Expandable calculations on big integers (HO
)
Package: bitset 2011/01/30 v1.1 Handle bit-vector datatype (HO)
Package: uniquecounter 2011/01/30 v1.2 Provide unlimited unique counter (HO)
)
Package hobsub Info: Skipping package `hobsub' (already loaded).
Package: letltxmacro 2010/09/02 v1.4 Let assignment for LaTeX macros (HO)
Package: hopatch 2011/06/24 v1.1 Wrapper for package hooks (HO)
Package: xcolor-patch 2011/01/30 xcolor patch
Package: atveryend 2011/06/30 v1.8 Hooks at the very end of document (HO)
Package atveryend Info: \enddocument detected (standard20110627).
Package: atbegshi 2011/10/05 v1.16 At begin shipout hook (HO)
Package: refcount 2011/10/16 v3.4 Data extraction from label references (HO)
Package: hycolor 2011/01/30 v1.7 Color options for hyperref/bookmark (HO)
)
("C:\Program Files\MiKTex\tex\latex\oberdiek\auxhook.sty"
Package: auxhook 2011/03/04 v1.3 Hooks for auxiliary files (HO)
)
("C:\Program Files\MiKTex\tex\latex\oberdiek\kvoptions.sty"
Package: kvoptions 2011/06/30 v3.11 Key value format for package options (HO)
)
\@linkdim=\dimen110
\Hy@linkcounter=\count82
\Hy@pagecounter=\count83

("C:\Program Files\MiKTex\tex\latex\hyperref\pd1enc.def"
File: pd1enc.def 2012/11/06 v6.83m Hyperref: PDFDocEncoding definition (HO)
)
\Hy@SavedSpaceFactor=\count84

("C:\Program Files\MiKTex\tex\latex\00miktex\hyperref.cfg"
File: hyperref.cfg 2002/06/06 v1.2 hyperref configuration of TeXLive
)
Package hyperref Info: Hyper figures OFF on input line 4443.
Package hyperref Info: Link nesting OFF on input line 4448.
Package hyperref Info: Hyper index ON on input line 4451.
Package hyperref Info: Plain pages OFF on input line 4458.
Package hyperref Info: Backreferencing OFF on input line 4463.
Package hyperref Info: Implicit mode ON; LaTeX internals redefined.
Package hyperref Info: Bookmarks ON on input line 4688.
\c@Hy@tempcnt=\count85

("C:\Program Files\MiKTex\tex\latex\url\url.sty"
\Urlmuskip=\muskip10
Package: url 2013/09/16  ver 3.4  Verb mode for urls, etc.
)
LaTeX Info: Redefining \url on input line 5041.
\XeTeXLinkMargin=\dimen111
\Fld@menulength=\count86
\Field@Width=\dimen112
\Fld@charsize=\dimen113
Package hyperref Info: Hyper figures OFF on input line 6295.
Package hyperref Info: Link nesting OFF on input line 6300.
Package hyperref Info: Hyper index ON on input line 6303.
Package hyperref Info: backreferencing OFF on input line 6310.
Package hyperref Info: Link coloring OFF on input line 6315.
Package hyperref Info: Link coloring with OCG OFF on input line 6320.
Package hyperref Info: PDF/A mode OFF on input line 6325.
LaTeX Info: Redefining \ref on input line 6365.
LaTeX Info: Redefining \pageref on input line 6369.


Package hyperref Warning: Option `pdfpagelabels' is turned off
(hyperref)                because \thepage is undefined.

\c@Item=\count87
\c@Hfootnote=\count88
)

Package hyperref Message: Driver (default): hdvips.

("C:\Program Files\MiKTex\tex\latex\hyperref\hdvips.def"
File: hdvips.def 2012/11/06 v6.83m Hyperref driver for dvips

("C:\Program Files\MiKTex\tex\latex\hyperref\pdfmark.def"
File: pdfmark.def 2012/11/06 v6.83m Hyperref definitions for pdfmark specials
\pdf@docset=\toks16
\pdf@box=\box26
\pdf@toks=\toks17
\pdf@defaulttoks=\toks18
\HyField@AnnotCount=\count89
\Fld@listcount=\count90
\c@bookmark@seq@number=\count91

("C:\Program Files\MiKTex\tex\latex\oberdiek\rerunfilecheck.sty"
Package: rerunfilecheck 2011/04/15 v1.7 Rerun checks for auxiliary files (HO)
Package uniquecounter Info: New unique counter `rerunfilecheck' on input line 2
82.
)
\Hy@SectionHShift=\skip41
))
Package hyperref Info: Option `colorlinks' set `true' on input line 123.
\math@groups=\toks19
LaTeX Font Info:    Overwriting symbol font `symbols' in version `bold'
(Font)                  OMS/cmsy/b/n --> OMS/cmsy/b/n on input line 276.
\symbmisymbols=\mathgroup4
\symUPM=\mathgroup5
LaTeX Font Info:    Overwriting symbol font `UPM' in version `bold'
(Font)                  U/eur/m/n --> U/eur/b/n on input line 313.
\symAMSa=\mathgroup6
\SFB@measure=\dimen114
\realparindent=\skip42
\c@part=\count92
\c@section=\count93
\c@subsection=\count94
\c@subsubsection=\count95
\c@paragraph=\count96
\c@subparagraph=\count97
\@indentskip=\skip43
\smallindent=\skip44
\@footindent=\skip45
\@leftskip=\skip46

("C:\Program Files\MiKTex\tex\latex\natbib\natbib.sty"
Package: natbib 2010/09/13 8.31b (PWD, AO)
\bibhang=\skip47
\bibsep=\skip48
LaTeX Info: Redefining \cite on input line 694.
\c@NAT@ctr=\count98
)
\c@table=\count99
\c@figure=\count100
)
("C:\Program Files\MiKTex\tex\latex\amsmath\amsmath.sty"
Package: amsmath 2013/01/14 v2.14 AMS math features
\@mathmargin=\skip49

For additional information on amsmath, use the `?' option.
("C:\Program Files\MiKTex\tex\latex\amsmath\amstext.sty"
Package: amstext 2000/06/29 v2.01

("C:\Program Files\MiKTex\tex\latex\amsmath\amsgen.sty"
File: amsgen.sty 1999/11/30 v2.0
\@emptytoks=\toks20
\ex@=\dimen115
))
("C:\Program Files\MiKTex\tex\latex\amsmath\amsbsy.sty"
Package: amsbsy 1999/11/29 v1.2d
\pmbraise@=\dimen116
)
("C:\Program Files\MiKTex\tex\latex\amsmath\amsopn.sty"
Package: amsopn 1999/12/14 v2.01 operator names
)
\inf@bad=\count101
LaTeX Info: Redefining \frac on input line 210.
\uproot@=\count102
\leftroot@=\count103
LaTeX Info: Redefining \overline on input line 306.
\classnum@=\count104
\DOTSCASE@=\count105
LaTeX Info: Redefining \ldots on input line 378.
LaTeX Info: Redefining \dots on input line 381.
LaTeX Info: Redefining \cdots on input line 466.
\Mathstrutbox@=\box27
\strutbox@=\box28
\big@size=\dimen117
LaTeX Font Info:    Redeclaring font encoding OML on input line 566.
LaTeX Font Info:    Redeclaring font encoding OMS on input line 567.
\macc@depth=\count106
\c@MaxMatrixCols=\count107
\dotsspace@=\muskip11
\c@parentequation=\count108
\dspbrk@lvl=\count109
\tag@help=\toks21
\row@=\count110
\column@=\count111
\maxfields@=\count112
\andhelp@=\toks22
\eqnshift@=\dimen118
\alignsep@=\dimen119
\tagshift@=\dimen120
\tagwidth@=\dimen121
\totwidth@=\dimen122
\lineht@=\dimen123
\@envbody=\toks23
\multlinegap=\skip50
\multlinetaggap=\skip51
\mathdisplay@stack=\toks24
LaTeX Info: Redefining \[ on input line 2665.
LaTeX Info: Redefining \] on input line 2666.
)
("C:\Program Files\MiKTex\tex\latex\amsfonts\amssymb.sty"
Package: amssymb 2013/01/14 v3.01 AMS font symbols

("C:\Program Files\MiKTex\tex\latex\amsfonts\amsfonts.sty"
Package: amsfonts 2013/01/14 v3.01 Basic AMSFonts support
LaTeX Font Info:    Redeclaring symbol font `AMSa' on input line 59.
LaTeX Font Info:    Overwriting symbol font `AMSa' in version `normal'
(Font)                  U/msa/m/n --> U/msa/m/n on input line 59.
LaTeX Font Info:    Overwriting symbol font `AMSa' in version `bold'
(Font)                  U/msa/m/n --> U/msa/m/n on input line 59.
\symAMSb=\mathgroup7
LaTeX Font Info:    Overwriting math alphabet `\mathfrak' in version `bold'
(Font)                  U/euf/m/n --> U/euf/b/n on input line 106.
)
LaTeX Font Info:    Redeclaring math symbol \leqslant on input line 101.
LaTeX Font Info:    Redeclaring math symbol \geqslant on input line 108.
)
("C:\Program Files\MiKTex\tex\latex\graphics\graphicx.sty"
Package: graphicx 1999/02/16 v1.0f Enhanced LaTeX Graphics (DPC,SPQR)

("C:\Program Files\MiKTex\tex\latex\graphics\graphics.sty"
Package: graphics 2009/02/05 v1.0o Standard LaTeX Graphics (DPC,SPQR)

("C:\Program Files\MiKTex\tex\latex\graphics\trig.sty"
Package: trig 1999/03/16 v1.09 sin cos tan (DPC)
)
("C:\Program Files\MiKTex\tex\latex\00miktex\graphics.cfg"
File: graphics.cfg 2007/01/18 v1.5 graphics configuration of teTeX/TeXLive
)
Package graphics Info: Driver file: dvips.def on input line 91.

("C:\Program Files\MiKTex\tex\latex\graphics\dvips.def"
File: dvips.def 1999/02/16 v3.0i Driver-dependant file (DPC,SPQR)
))
\Gin@req@height=\dimen124
\Gin@req@width=\dimen125
)
("C:\Program Files\MiKTex\tex\latex\float\float.sty"
Package: float 2001/11/08 v1.3d Float enhancements (AL)
\c@float@type=\count113
\float@exts=\toks25
\float@box=\box29
\@float@everytoks=\toks26
\@floatcapt=\box30
)
("C:\Program Files\MiKTex\tex\latex\oberdiek\grffile.sty"
Package: grffile 2012/04/05 v1.16 Extended file name support for graphics (HO)
Package grffile Info: Option `multidot' is set to `true'.
Package grffile Info: Option `extendedchars' is set to `false'.
Package grffile Info: Option `space' is set to `false'.
Package grffile Info: \Gin@ii of package `graphicx' fixed on input line 486.
)
("C:\Program Files\MiKTex\tex\latex\caption\subcaption.sty"
Package: subcaption 2013/02/03 v1.1-62 Sub-captions (AR)

("C:\Program Files\MiKTex\tex\latex\caption\caption.sty"
Package: caption 2013/05/02 v3.3-89 Customizing captions (AR)

("C:\Program Files\MiKTex\tex\latex\caption\caption3.sty"
Package: caption3 2013/05/02 v1.6-88 caption3 kernel (AR)
Package caption3 Info: TeX engine: e-TeX on input line 57.
\captionmargin=\dimen126
\captionmargin@=\dimen127
\captionwidth=\dimen128
\caption@tempdima=\dimen129
\caption@indent=\dimen130
\caption@parindent=\dimen131
\caption@hangindent=\dimen132
\abovecaptionskip=\skip52
\belowcaptionskip=\skip53
Package caption Info: Unknown document class (or package),
(caption)             standard defaults will be used.
)

Package caption Warning: Unsupported document class (or package) detected,
(caption)                usage of the caption package is not recommended.
See the caption package documentation for explanation.

Package caption Info: \@makecaption = undefined.
\c@ContinuedFloat=\count114
Package caption Info: float package is loaded.
Package caption Info: hyperref package is loaded.
)
\c@subfigure=\count115
\c@subtable=\count116
) ("C:\Program Files\MiKTex\tex\latex\placeins\placeins.sty"
Package: placeins 2005/04/18  v 2.2
)
("C:\Program Files\MiKTex\tex\latex\jknappen\mathrsfs.sty"
Package: mathrsfs 1996/01/01 Math RSFS package v1.0 (jk)
\symrsfs=\mathgroup8
)
("C:\Program Files\MiKTex\tex\latex\xcolor\xcolor.sty"
Package: xcolor 2007/01/21 v2.11 LaTeX color extensions (UK)

("C:\Program Files\MiKTex\tex\latex\00miktex\color.cfg"
File: color.cfg 2007/01/18 v1.5 color configuration of teTeX/TeXLive
)
Package xcolor Info: Package option `usenames' ignored on input line 216.
Package xcolor Info: Driver file: dvips.def on input line 225.
Package xcolor Info: Model `cmy' substituted by `cmy0' on input line 1337.
Package xcolor Info: Model `RGB' extended on input line 1353.
Package xcolor Info: Model `HTML' substituted by `rgb' on input line 1355.
Package xcolor Info: Model `Hsb' substituted by `hsb' on input line 1356.
Package xcolor Info: Model `tHsb' substituted by `hsb' on input line 1357.
Package xcolor Info: Model `HSB' substituted by `hsb' on input line 1358.
Package xcolor Info: Model `Gray' substituted by `gray' on input line 1359.
Package xcolor Info: Model `wave' substituted by `hsb' on input line 1360.

("C:\Program Files\MiKTex\tex\latex\graphics\dvipsnam.def"
File: dvipsnam.def 1999/02/16 v3.0i Driver-dependant file (DPC,SPQR)
))
(D:\PhD\Paper\LensingPaper\LensingPaper_draft_v3.01.aux)
LaTeX Font Info:    Checking defaults for OML/cmm/m/it on input line 35.
LaTeX Font Info:    ... okay on input line 35.
LaTeX Font Info:    Checking defaults for T1/cmr/m/n on input line 35.
LaTeX Font Info:    ... okay on input line 35.
LaTeX Font Info:    Checking defaults for OT1/cmr/m/n on input line 35.
LaTeX Font Info:    ... okay on input line 35.
LaTeX Font Info:    Checking defaults for OMS/cmsy/m/n on input line 35.
LaTeX Font Info:    ... okay on input line 35.
LaTeX Font Info:    Checking defaults for OMX/cmex/m/n on input line 35.
LaTeX Font Info:    ... okay on input line 35.
LaTeX Font Info:    Checking defaults for U/cmr/m/n on input line 35.
LaTeX Font Info:    ... okay on input line 35.
LaTeX Font Info:    Checking defaults for PD1/pdf/m/n on input line 35.
LaTeX Font Info:    ... okay on input line 35.

*geometry* driver: auto-detecting
*geometry* detected driver: dvips
*geometry* verbose mode - [ preamble ] result:
* driver: dvips
* paper: a4paper
* layout: <same size as paper>
* layoutoffset:(h,v)=(0.0pt,0.0pt)
* modes: twoside 
* h-part:(L,W,R)=(71.70166pt, 418.25368pt, 107.55254pt)
* v-part:(T,H,B)=(101.40665pt, 591.5302pt, 152.11pt)
* \paperwidth=597.50787pt
* \paperheight=845.04684pt
* \textwidth=504.0pt
* \textheight=682.0pt
* \oddsidemargin=-30.0pt
* \evensidemargin=-30.0pt
* \topmargin=0.0pt
* \headheight=14.0pt
* \headsep=15.0pt
* \topskip=9.0pt
* \footskip=22.0pt
* \marginparwidth=48.0pt
* \marginparsep=6.0pt
* \columnsep=24.0pt
* \skip\footins=19.5pt plus 12.0pt minus 1.0pt
* \hoffset=0.0pt
* \voffset=0.0pt
* \mag=1000
* \@twocolumntrue
* \@twosidetrue
* \@mparswitchtrue
* \@reversemarginfalse
* (1in=72.27pt=25.4mm, 1cm=28.453pt)

\AtBeginShipoutBox=\box31
Package hyperref Info: Link coloring ON on input line 35.
("C:\Program Files\MiKTex\tex\latex\hyperref\nameref.sty"
Package: nameref 2012/10/27 v2.43 Cross-referencing by name of section

("C:\Program Files\MiKTex\tex\generic\oberdiek\gettitlestring.sty"
Package: gettitlestring 2010/12/03 v1.4 Cleanup title references (HO)
)
\c@section@level=\count117
)
LaTeX Info: Redefining \ref on input line 35.
LaTeX Info: Redefining \pageref on input line 35.
LaTeX Info: Redefining \nameref on input line 35.

(D:\PhD\Paper\LensingPaper\LensingPaper_draft_v3.01.out)
(D:\PhD\Paper\LensingPaper\LensingPaper_draft_v3.01.out)
\@outlinefile=\write3
Package caption Info: Begin \AtBeginDocument code.
Package caption Info: End \AtBeginDocument code.
LaTeX Font Info:    Try loading font information for U+eur on input line 41.

("C:\Program Files\MiKTex\tex\latex\amsfonts\ueur.fd"
File: ueur.fd 2013/01/14 v3.01 Euler Roman
)
LaTeX Font Info:    Try loading font information for U+msa on input line 41.

("C:\Program Files\MiKTex\tex\latex\amsfonts\umsa.fd"
File: umsa.fd 2013/01/14 v3.01 AMS symbols A
)
LaTeX Font Info:    Try loading font information for U+msb on input line 41.

("C:\Program Files\MiKTex\tex\latex\amsfonts\umsb.fd"
File: umsb.fd 2013/01/14 v3.01 AMS symbols B
)
LaTeX Font Info:    Try loading font information for U+rsfs on input line 41.

("C:\Program Files\MiKTex\tex\latex\jknappen\ursfs.fd"
File: ursfs.fd 1998/03/24 rsfs font definition file (jk)
)
(D:\PhD\Paper\LensingPaper\docs/abstract_v3.02.tex)
(D:\PhD\Paper\LensingPaper\docs/introduction_v3.02.tex
Underfull \hbox (badness 2057) in paragraph at lines 15--16
[]\OT1/cmr/m/n/9 The Sloan WFC Edge-on Late-type Lens Sur-vey
 []


Underfull \hbox (badness 2503) in paragraph at lines 15--16
[] []\OT1/cmr/m/n/9 ; [] []; []
 []


Underfull \vbox (badness 10000) has occurred while \output is active []

LaTeX Font Info:    Try loading font information for OMS+cmr on input line 16.

("C:\Program Files\MiKTex\tex\latex\base\omscmr.fd"
File: omscmr.fd 1999/05/25 v2.5h Standard LaTeX font definitions
)
LaTeX Font Info:    Font shape `OMS/cmr/m/n' in size <8> not available
(Font)              Font shape `OMS/cmsy/m/n' tried instead on input line 16.
 [1


]
File: fig/first_glimpse_450.ps Graphic file (type eps)

<fig/first_glimpse_450.ps>
File: fig/first_glimpse_814.ps Graphic file (type eps)
 <fig/first_glimpse_814.ps>
File: fig/lens_imgpos.ps Graphic file (type eps)
 <fig/lens_imgpos.ps>
File: fig/stellar_kinematics_data.ps Graphic file (type eps)

<fig/stellar_kinematics_data.ps>)
(D:\PhD\Paper\LensingPaper\docs/data_v3.02.tex
Underfull \hbox (badness 1533) in paragraph at lines 5--6
 \OT1/cmr/bx/n/9 HST imag-ing. [] \OT1/cmr/m/n/9 We use HST imag-ing of J1331 b
y
 []

) (D:\PhD\Paper\LensingPaper\docs/model_MGE_v3.02.tex
Underfull \hbox (badness 10000) in paragraph at lines 3--3
$[]$ [][][][][][]\OT1/cmr/m/n/8 The IDL code pack-age for fit-ting MGEs to im-
 []


Underfull \hbox (badness 10000) in paragraph at lines 3--3
\OT1/cmr/m/n/8 ages by [] ([]) is avail-able on-line at
 []


Underfull \hbox (badness 10000) in paragraph at lines 3--3
[][][][][][]\OT1/cmr/m/n/8 . The
 []


Underfull \vbox (badness 1888) has occurred while \output is active []

 [2]
Underfull \vbox (badness 10000) has occurred while \output is active []

 [3])
(D:\PhD\Paper\LensingPaper\docs/model_lensing_v3.01.tex [4])
(D:\PhD\Paper\LensingPaper\docs/model_JAM_v3.02.tex
Underfull \vbox (badness 10000) has occurred while \output is active []

 [5]
Overfull \hbox (21.86624pt too wide) in alignment at lines 49--52
 [][][] []
 []


Underfull \hbox (badness 10000) in paragraph at lines 58--58
$[]$ [][][][][][]\OT1/cmr/m/n/8 The IDL code pack-age for Jeans Anisotropic Mod
-
 []


Underfull \hbox (badness 5862) in paragraph at lines 58--58
\OT1/cmr/m/n/8 els (JAM) by [] ([]) is avail-able on-line at
 []


Underfull \hbox (badness 10000) in paragraph at lines 58--58
[][][][][][]\OT1/cmr/m/n/8 . The
 []


Underfull \hbox (badness 1231) in paragraph at lines 75--77
\OT1/cmr/m/n/9 metrized $\OML/cmm/m/it/9 v[]$ \OT1/cmr/m/n/9 data, where for a 
given $\OML/cmm/m/it/9 []$ \OT1/cmr/m/n/9 the $\OML/cmm/m/it/9 []$ \OT1/cmr/m
/n/9 are
 []

[6]) (D:\PhD\Paper\LensingPaper\docs/results_photometry_v3.02.tex
Underfull \hbox (badness 1303) in paragraph at lines 45--46
 \OT1/cmr/bx/n/9 MGE for the in-ner re-gions. [] \OT1/cmr/m/n/9 We fit a MGE to

 []


Underfull \hbox (badness 1189) in paragraph at lines 45--46
\OT1/cmr/m/n/9 J1331's smooth cen-tral re-gion within $\OMS/cmsy/m/n/9  \OT1/c
mr/m/n/9 5[]$ from the
 []

File: fig/1331F814Wsci_MGE_M.ps Graphic file (type eps)
<fig/1331F814Wsci_MGE_M.ps>
File: fig/1331F814W_MGE_disk_L.ps Graphic file (type eps)
 <fig/1331F814W_MGE_disk_L.ps>
Overfull \hbox (1.30122pt too wide) detected at line 95
\OML/cmm/m/it/9 [] \OMS/cmsy/m/n/9 '  \OT1/cmr/m/n/9 2\OML/cmm/m/it/9 :\OT1/cm
r/m/n/9 5 [][] [] + \OML/cmm/m/it/9 Z \OT1/cmr/m/n/9 + \OML/cmm/m/it/9 C \OT1/c
mr/m/n/9 + \OML/cmm/m/it/9 A[];
 []


Underfull \hbox (badness 10000) in paragraph at lines 96--96
$[]$ [][][][][][]\OT1/cmr/m/n/8 The NASA/IPAC Ex-tra-galac-tic Database (NED,
 []


Underfull \hbox (badness 6842) in paragraph at lines 96--96
[][][][][][]\OT1/cmr/m/n/8 ) is op-er-ated by the Jet
 []


Underfull \hbox (badness 3965) in paragraph at lines 95--97
\OT1/cmr/m/n/9 where $\OML/cmm/m/it/9 Z \OMS/cmsy/m/n/9 ' \OT1/cmr/m/n/9 21\OML
/cmm/m/it/9 :\OT1/cmr/m/n/9 62 [][]$ is a the zero-point from
 []


Underfull \hbox (badness 2073) in paragraph at lines 95--97
[] \OT1/cmr/m/n/9 ([]), up-dated ac-cord-ing to []
 []


Underfull \hbox (badness 10000) in paragraph at lines 95--97
\OT1/cmr/m/n/9 ([], []), for the pho-to-met-ric sys-tem of the
 []


Underfull \hbox (badness 2903) in paragraph at lines 95--97
\OT1/cmr/m/n/9 HST/WFPC2 cam-era and the F814W fil-ter, plus a
 []


Underfull \hbox (badness 1874) in paragraph at lines 95--97
\OT1/cmr/m/n/9 in the (Lan-dolt) I-band to-wards J1331, ac-cord-ing to
 []


Underfull \hbox (badness 1168) in paragraph at lines 95--97
\OT1/cmr/m/n/9 the NASA/IPAC Ex-tra-galac-tic Database (NED)[]. The
 []

[7] [8]) (D:\PhD\Paper\LensingPaper\docs/results_lensing_v3.01.tex
Overfull \hbox (0.97147pt too wide) in paragraph at lines 5--12
[][] 
 []

File: fig/lens_all_in_one.ps Graphic file (type eps)
<fig/lens_all_in_one.ps>

LaTeX Warning: Reference `fig:lensbestfiteinsteincurves' on page 9 undefined on
 input line 39.


LaTeX Warning: Reference `fig:lensbestfittimedelay' on page 9 undefined on inpu
t line 39.

File: fig/lens_surface_brightness.ps Graphic file (type eps)
<fig/lens_surface_brightness.ps>
File: fig/lens_surface_density.ps Graphic file (type eps)
 <fig/lens_surface_density.ps>
File: fig/paper_lensmass_brightness_compare.ps Graphic file (type eps)

<fig/paper_lensmass_brightness_compare.ps>

LaTeX Warning: Reference `tab:einsteinML' on page 9 undefined on input line 88.



LaTeX Warning: Reference `tab:einsteinML' on page 9 undefined on input line 88.


[9]
Underfull \vbox (badness 6675) has occurred while \output is active []


Underfull \vbox (badness 10000) has occurred while \output is active []

 [10])
(D:\PhD\Paper\LensingPaper\docs/results_JAMwithSB_v3.01.tex
File: fig/lensing_JAM_comparision.ps Graphic file (type eps)

<fig/lensing_JAM_comparision.ps>
File: fig/jam_A2_vrms.ps Graphic file (type eps)
 <fig/jam_A2_vrms.ps>
Underfull \hbox (badness 10000) in paragraph at lines 30--31
 \OT1/cmr/bx/n/9 JAM with "mass-follows-light" and ve-loc-ity
 []


Underfull \hbox (badness 3058) in paragraph at lines 34--35
\OT1/cmr/m/n/9 While the outer parts of galax-ies of-ten show ra-di-
 []


Underfull \hbox (badness 1584) in paragraph at lines 34--35
\OT1/cmr/m/n/9 nam-i-cal mod-elling of ob-served el-lip-ti-cal galax-ies, e.g.,

 []


Underfull \hbox (badness 1354) in paragraph at lines 34--35
[] \OT1/cmr/m/n/9 ([])) and cos-mo-log-i-cal sim-u-la-tions
 []

File: fig/jam_G_vrms.ps Graphic file (type eps)
<fig/jam_G_vrms.ps>
File: fig/jam_G_enclMass.ps Graphic file (type eps)
 <fig/jam_G_enclMass.ps> [11])
(D:\PhD\Paper\LensingPaper\docs/results_JAMwithNFW_v3.02.tex
File: fig/B4_contour_plot_short.ps Graphic file (type eps)

<fig/B4_contour_plot_short.ps> [12]
Underfull \vbox (badness 10000) has occurred while \output is active []

File: fig/B4_rms_error_curves.ps Graphic file (type eps)

<fig/B4_rms_error_curves.ps>
File: fig/B4_jam_profiles_errors_short_projmass.ps Graphic file (type eps)
 <fig/B4_jam_profiles_errors_short_projmass.ps>
[13]
File: fig/B4_rms_rot_curves_best_model.ps Graphic file (type eps)
 <fig/B4_rms_rot_curves_best_model.ps> [14])
(D:\PhD\Paper\LensingPaper\docs/discussion_v3.02.tex

LaTeX Warning: Reference `tab:einsteinML' on page 15 undefined on input line 5.


[15]
File: fig/B4_jam_profiles_errors_short_vcirc.ps Graphic file (type eps)
 <fig/B4_jam_profiles_errors_short_vcirc.ps> [16])
(D:\PhD\Paper\LensingPaper\docs/summary_v3.01.tex)
(D:\PhD\Paper\LensingPaper\LensingPaper_draft_v3.01.bbl [17]
Underfull \hbox (badness 6691) in paragraph at lines 64--67
[]\OT1/cmr/m/n/8 Cappellari M., et al., 2006, [][][][][][],
 []


Underfull \hbox (badness 10000) in paragraph at lines 74--77
[]\OT1/cmr/m/n/8 Diemand J., Moore B., Stadel J., 2004,
 []


Underfull \hbox (badness 1043) in paragraph at lines 87--90
[]\OT1/cmr/m/n/8 Dunkley J., et al., 2009, [][][][][][],
 []


Underfull \hbox (badness 2726) in paragraph at lines 106--109
[]\OT1/cmr/m/n/8 Dutton A. A., et al., 2011b, [][][][][][],
 []


Underfull \hbox (badness 4531) in paragraph at lines 112--115
[]\OT1/cmr/m/n/8 Dutton A. A., et al., 2013, [][][][][][],
 []


Underfull \hbox (badness 10000) in paragraph at lines 118--121
[]\OT1/cmr/m/n/8 El-Zant A., Shlos-man I., Hoff-man Y., 2001,
 []


Underfull \hbox (badness 10000) in paragraph at lines 129--132
[]\OT1/cmr/m/n/8 Emsellem E., De-jonghe H., Ba-con R., 1999,
 []


Underfull \hbox (badness 5939) in paragraph at lines 176--180
[]\OT1/cmr/m/n/8 Holtzman J. A., Bur-rows C. J., Caser-tano S., Hes-ter
 []


Underfull \hbox (badness 5954) in paragraph at lines 221--224
[]\OT1/cmr/m/n/8 Navarro J. F., Frenk C. S., White S. D. M., 1996,
 []


Underfull \hbox (badness 1205) in paragraph at lines 259--262
[]\OT1/cmr/m/n/8 Treu T., Koop-mans L. V. E., 2004, [][][][][][],
 []


Underfull \hbox (badness 6542) in paragraph at lines 288--292
\OT1/cmr/m/n/8 pel-lari M., Miller B. W., de Zeeuw P. T., 2010,
 []

)
Package atveryend Info: Empty hook `BeforeClearDocument' on input line 94.
 [18]
Package atveryend Info: Empty hook `AfterLastShipout' on input line 94.
 (D:\PhD\Paper\LensingPaper\LensingPaper_draft_v3.01.aux)
Package atveryend Info: Empty hook `AtVeryEndDocument' on input line 94.
Package atveryend Info: Executing hook `AtEndAfterFileList' on input line 94.
Package rerunfilecheck Info: File `LensingPaper_draft_v3.01.out' has not change
d.
(rerunfilecheck)             Checksum: 88CAA072D7134733A9AA989473C9DA03;1303.


LaTeX Warning: There were undefined references.

Package atveryend Info: Empty hook `AtVeryVeryEnd' on input line 94.
 ) 
Here is how much of TeX's memory you used:
 8647 strings out of 493922
 127303 string characters out of 3148891
 273256 words of memory out of 3000000
 11753 multiletter control sequences out of 15000+200000
 20864 words of font info for 79 fonts, out of 3000000 for 9000
 841 hyphenation exceptions out of 8191
 42i,16n,48p,2372b,573s stack positions out of 5000i,500n,10000p,200000b,50000s

Output written on LensingPaper_draft_v3.01.dvi (18 pages, 300880 bytes).
