\BOOKMARK [1][-]{section.1}{Introduction}{}% 1
\BOOKMARK [1][-]{section.2}{Data}{}% 2
\BOOKMARK [2][-]{subsection.2.1}{Redshift and position}{section.2}% 3
\BOOKMARK [2][-]{subsection.2.2}{HST imaging}{section.2}% 4
\BOOKMARK [2][-]{subsection.2.3}{Stellar kinematics}{section.2}% 5
\BOOKMARK [1][-]{section.3}{Modelling}{}% 6
\BOOKMARK [2][-]{subsection.3.1}{Strong gravitational lens model}{section.3}% 7
\BOOKMARK [2][-]{subsection.3.2}{Surface brightness model}{section.3}% 8
\BOOKMARK [2][-]{subsection.3.3}{Axisymmetric dynamical model}{section.3}% 9
\BOOKMARK [1][-]{section.4}{Results}{}% 10
\BOOKMARK [2][-]{subsection.4.1}{Surface photometry for J1331 with MGEs}{section.4}% 11
\BOOKMARK [2][-]{subsection.4.2}{Mass distribution from lensing}{section.4}% 12
\BOOKMARK [2][-]{subsection.4.3}{JAM based on surface brightness}{section.4}% 13
\BOOKMARK [2][-]{subsection.4.4}{JAM with an NFW dark matter halo}{section.4}% 14
\BOOKMARK [1][-]{section.5}{Discussion and Conclusion}{}% 15
\BOOKMARK [2][-]{subsection.5.1}{On J1331's possible merger history}{section.5}% 16
\BOOKMARK [2][-]{subsection.5.2}{On J1331's central stellar mass-to-light ratio}{section.5}% 17
\BOOKMARK [2][-]{subsection.5.3}{On J1331's kinematics}{section.5}% 18
\BOOKMARK [2][-]{subsection.5.4}{Future work}{section.5}% 19
\BOOKMARK [2][-]{subsection.5.5}{Summary}{section.5}% 20
